[debug] ----------------------------------------------------------------------
[debug] Command:      C:\Program Files\nodejs\node.exe C:\Users\andy\AppData\Roaming\npm\node_modules\firebase-tools\bin\firebase deploy
[debug] CLI Version:  3.2.0
[debug] Platform:     win32
[debug] Node Version: v6.3.1
[debug] Time:         Fri Dec 16 2016 13:30:00 GMT+1000 (E. Australia Standard Time)
[debug] ----------------------------------------------------------------------
[debug] 
[debug] > command requires scopes: ["email","openid","https://www.googleapis.com/auth/cloudplatformprojects.readonly","https://www.googleapis.com/auth/firebase"]
[debug] > refreshing access token with scopes: ["email","https://www.googleapis.com/auth/cloudplatformprojects.readonly","https://www.googleapis.com/auth/firebase","openid"]
[debug] >>> HTTP REQUEST POST https://www.googleapis.com/oauth2/v3/token
[debug] <<< HTTP RESPONSE 200
[debug] >>> HTTP REQUEST GET https://admin.firebase.com/v1/projects/spirit-elite-community 
[debug] <<< HTTP RESPONSE 200
[debug] >>> HTTP REQUEST GET https://admin.firebase.com/v1/database/spirit-elite-community/tokens 
[debug] <<< HTTP RESPONSE 200
[info] 
[info] === Deploying to 'spirit-elite-community'...
[info] 
[info] i  deploying database, hosting
[info] +  database: rules ready to deploy.
[info] i  hosting: preparing dist directory for upload...
[debug] >>> HTTP REQUEST PUT https://deploy.firebase.com/v1/hosting/spirit-elite-community/uploads/-KZ4fT7rysZRaa6Fy4Wx?fileCount=30&message= 
[debug] Error: write ECONNRESET
    at exports._errnoException (util.js:1012:11)
    at WriteWrap.afterWrite (net.js:793:14)
[error] 
[error] Error: Server Error. write ECONNRESET
[debug] ----------------------------------------------------------------------
[debug] Command:      C:\Program Files\nodejs\node.exe C:\Users\andy\AppData\Roaming\npm\node_modules\firebase-tools\bin\firebase deploy
[debug] CLI Version:  3.2.0
[debug] Platform:     win32
[debug] Node Version: v6.3.1
[debug] Time:         Fri Dec 16 2016 13:31:57 GMT+1000 (E. Australia Standard Time)
[debug] ----------------------------------------------------------------------
[debug] 
[debug] > command requires scopes: ["email","openid","https://www.googleapis.com/auth/cloudplatformprojects.readonly","https://www.googleapis.com/auth/firebase"]
[debug] >>> HTTP REQUEST GET https://admin.firebase.com/v1/projects/spirit-elite-community 
[debug] <<< HTTP RESPONSE 200
[debug] >>> HTTP REQUEST GET https://admin.firebase.com/v1/database/spirit-elite-community/tokens 
[debug] <<< HTTP RESPONSE 200
[info] 
[info] === Deploying to 'spirit-elite-community'...
[info] 
[info] i  deploying database, hosting
[info] +  database: rules ready to deploy.
[info] i  hosting: preparing dist directory for upload...
[debug] >>> HTTP REQUEST PUT https://deploy.firebase.com/v1/hosting/spirit-elite-community/uploads/-KZ4fuaHemUa1z4S_IQv?fileCount=30&message= 
[debug] ----------------------------------------------------------------------
[debug] Command:      C:\Program Files\nodejs\node.exe C:\Users\andy\AppData\Roaming\npm\node_modules\firebase-tools\bin\firebase deploy
[debug] CLI Version:  3.2.0
[debug] Platform:     win32
[debug] Node Version: v6.3.1
[debug] Time:         Fri Dec 16 2016 13:33:27 GMT+1000 (E. Australia Standard Time)
[debug] ----------------------------------------------------------------------
[debug] 
[debug] > command requires scopes: ["email","openid","https://www.googleapis.com/auth/cloudplatformprojects.readonly","https://www.googleapis.com/auth/firebase"]
[debug] >>> HTTP REQUEST GET https://admin.firebase.com/v1/projects/spirit-elite-community 
[debug] <<< HTTP RESPONSE 200
[debug] >>> HTTP REQUEST GET https://admin.firebase.com/v1/database/spirit-elite-community/tokens 
[debug] <<< HTTP RESPONSE 200
[info] 
[info] === Deploying to 'spirit-elite-community'...
[info] 
[info] i  deploying database, hosting
[info] +  database: rules ready to deploy.
[info] i  hosting: preparing dist directory for upload...
[debug] >>> HTTP REQUEST PUT https://deploy.firebase.com/v1/hosting/spirit-elite-community/uploads/-KZ4gFRuuGFNJw-asZuo?fileCount=30&message= 
[debug] Error: write ECONNRESET
    at exports._errnoException (util.js:1012:11)
    at WriteWrap.afterWrite (net.js:793:14)
[error] 
[error] Error: Server Error. write ECONNRESET
